2021-07-01 07:06:29.833Z INFO  c.m.applicationinsights.agent - ApplicationInsights Java Agent 3.1.1 started successfully
2021-07-02 00:58:50.938Z WARN  c.m.a.i.c.c.TransmissionNetworkOutput - Unable to send telemetry to the ingestion service (telemetry will be stored to disk): I/O exception: javax.net.ssl.SSLException: Connection reset (future failures will be aggregated and logged once every 5 minutes)
javax.net.ssl.SSLException: Connection reset
	at java.base/sun.security.ssl.Alert.createSSLException(Alert.java:127)
	at java.base/sun.security.ssl.TransportContext.fatal(TransportContext.java:369)
	at java.base/sun.security.ssl.TransportContext.fatal(TransportContext.java:312)
	at java.base/sun.security.ssl.TransportContext.fatal(TransportContext.java:307)
	at java.base/sun.security.ssl.SSLSocketImpl.handleException(SSLSocketImpl.java:1690)
	at java.base/sun.security.ssl.SSLSocketImpl$AppInputStream.read(SSLSocketImpl.java:1064)
	at org.apache.http.impl.io.SessionInputBufferImpl.streamRead(SessionInputBufferImpl.java:137)
	at org.apache.http.impl.io.SessionInputBufferImpl.fillBuffer(SessionInputBufferImpl.java:153)
	at org.apache.http.impl.io.SessionInputBufferImpl.readLine(SessionInputBufferImpl.java:280)
	at org.apache.http.impl.conn.DefaultHttpResponseParser.parseHead(DefaultHttpResponseParser.java:138)
	at org.apache.http.impl.conn.DefaultHttpResponseParser.parseHead(DefaultHttpResponseParser.java:56)
	at org.apache.http.impl.io.AbstractMessageParser.parse(AbstractMessageParser.java:259)
	at org.apache.http.impl.DefaultBHttpClientConnection.receiveResponseHeader(DefaultBHttpClientConnection.java:163)
	at org.apache.http.impl.conn.CPoolProxy.receiveResponseHeader(CPoolProxy.java:157)
	at org.apache.http.protocol.HttpRequestExecutor.doReceiveResponse(HttpRequestExecutor.java:273)
	at org.apache.http.protocol.HttpRequestExecutor.execute(HttpRequestExecutor.java:125)
	at org.apache.http.impl.execchain.MainClientExec.execute(MainClientExec.java:272)
	at org.apache.http.impl.execchain.ProtocolExec.execute(ProtocolExec.java:186)
	at org.apache.http.impl.execchain.RetryExec.execute(RetryExec.java:89)
	at org.apache.http.impl.execchain.RedirectExec.execute(RedirectExec.java:110)
	at org.apache.http.impl.client.InternalHttpClient.doExecute(InternalHttpClient.java:185)
	at org.apache.http.impl.client.CloseableHttpClient.execute(CloseableHttpClient.java:72)
	at com.microsoft.applicationinsights.internal.channel.common.LazyHttpClient.doExecute(LazyHttpClient.java:137)
	at org.apache.http.impl.client.CloseableHttpClient.execute(CloseableHttpClient.java:83)
	at org.apache.http.impl.client.CloseableHttpClient.execute(CloseableHttpClient.java:108)
	at org.apache.http.impl.client.CloseableHttpClient.execute(CloseableHttpClient.java:56)
	at com.microsoft.applicationinsights.internal.channel.common.TransmissionNetworkOutput.sendSync(TransmissionNetworkOutput.java:144)
	at com.microsoft.applicationinsights.internal.channel.common.ActiveTransmissionNetworkOutput$1.run(ActiveTransmissionNetworkOutput.java:80)
	at java.base/java.util.concurrent.ThreadPoolExecutor.runWorker(ThreadPoolExecutor.java:1130)
	at java.base/java.util.concurrent.ThreadPoolExecutor$Worker.run(ThreadPoolExecutor.java:630)
	at java.base/java.lang.Thread.run(Thread.java:831)
	Suppressed: java.net.SocketException: Connection reset by peer
		at java.base/sun.nio.ch.NioSocketImpl.implWrite(NioSocketImpl.java:420)
		at java.base/sun.nio.ch.NioSocketImpl.write(NioSocketImpl.java:440)
		at java.base/sun.nio.ch.NioSocketImpl$2.write(NioSocketImpl.java:826)
		at java.base/java.net.Socket$SocketOutputStream.write(Socket.java:1045)
		at java.base/sun.security.ssl.SSLSocketOutputRecord.encodeAlert(SSLSocketOutputRecord.java:82)
		at java.base/sun.security.ssl.TransportContext.fatal(TransportContext.java:400)
		... 29 common frames omitted
Caused by: java.net.SocketException: Connection reset
	at java.base/sun.nio.ch.NioSocketImpl.implRead(NioSocketImpl.java:323)
	at java.base/sun.nio.ch.NioSocketImpl.read(NioSocketImpl.java:350)
	at java.base/sun.nio.ch.NioSocketImpl$1.read(NioSocketImpl.java:803)
	at java.base/java.net.Socket$SocketInputStream.read(Socket.java:976)
	at java.base/sun.security.ssl.SSLSocketInputRecord.read(SSLSocketInputRecord.java:478)
	at java.base/sun.security.ssl.SSLSocketInputRecord.readHeader(SSLSocketInputRecord.java:472)
	at java.base/sun.security.ssl.SSLSocketInputRecord.bytesInCompletePacket(SSLSocketInputRecord.java:70)
	at java.base/sun.security.ssl.SSLSocketImpl.readApplicationRecord(SSLSocketImpl.java:1444)
	at java.base/sun.security.ssl.SSLSocketImpl$AppInputStream.read(SSLSocketImpl.java:1048)
	... 25 common frames omitted
2021-07-02 07:51:18.529Z WARN  i.o.j.i.tomcat.common.TomcatTracer - Malformed url? scheme: http, host: null, port: 8083, path: null, query: null
java.net.URISyntaxException: Expected scheme-specific part at index 5: http:
	at java.base/java.net.URI$Parser.fail(URI.java:2966)
	at java.base/java.net.URI$Parser.failExpecting(URI.java:2972)
	at java.base/java.net.URI$Parser.parse(URI.java:3172)
	at java.base/java.net.URI.<init>(URI.java:708)
	at io.opentelemetry.javaagent.instrumentation.tomcat.common.TomcatTracer.url(TomcatTracer.java:84)
	at io.opentelemetry.javaagent.instrumentation.tomcat.common.TomcatTracer.url(TomcatTracer.java:30)
	at io.opentelemetry.javaagent.shaded.instrumentation.api.tracer.HttpServerTracer.setUrl(HttpServerTracer.java:199)
	at io.opentelemetry.javaagent.shaded.instrumentation.api.tracer.HttpServerTracer.onRequest(HttpServerTracer.java:182)
	at io.opentelemetry.javaagent.shaded.instrumentation.api.tracer.HttpServerTracer.startSpan(HttpServerTracer.java:91)
	at io.opentelemetry.javaagent.shaded.instrumentation.api.tracer.HttpServerTracer.startSpan(HttpServerTracer.java:58)
	at io.opentelemetry.javaagent.instrumentation.tomcat.common.TomcatTracer.startServerSpan(TomcatTracer.java:37)
	at org.apache.catalina.connector.CoyoteAdapter.service(CoyoteAdapter.java:303)
	at org.apache.coyote.http11.Http11Processor.service(Http11Processor.java:408)
	at org.apache.coyote.AbstractProcessorLight.process(AbstractProcessorLight.java:66)
	at org.apache.coyote.AbstractProtocol$ConnectionHandler.process(AbstractProtocol.java:791)
	at org.apache.tomcat.util.net.NioEndpoint$SocketProcessor.doRun(NioEndpoint.java:1417)
	at org.apache.tomcat.util.net.SocketProcessorBase.run(SocketProcessorBase.java:49)
	at java.base/java.util.concurrent.ThreadPoolExecutor.runWorker(ThreadPoolExecutor.java:1130)
	at java.base/java.util.concurrent.ThreadPoolExecutor$Worker.run(ThreadPoolExecutor.java:630)
	at org.apache.tomcat.util.threads.TaskThread$WrappingRunnable.run(TaskThread.java:61)
	at java.base/java.lang.Thread.run(Thread.java:831)
2021-07-02 07:51:18.551Z WARN  i.o.j.i.tomcat.common.TomcatTracer - Malformed url? scheme: http, host: null, port: 8083, path: null, query: null
java.net.URISyntaxException: Expected scheme-specific part at index 5: http:
	at java.base/java.net.URI$Parser.fail(URI.java:2966)
	at java.base/java.net.URI$Parser.failExpecting(URI.java:2972)
	at java.base/java.net.URI$Parser.parse(URI.java:3172)
	at java.base/java.net.URI.<init>(URI.java:708)
	at io.opentelemetry.javaagent.instrumentation.tomcat.common.TomcatTracer.url(TomcatTracer.java:84)
	at io.opentelemetry.javaagent.instrumentation.tomcat.common.TomcatTracer.url(TomcatTracer.java:30)
	at io.opentelemetry.javaagent.shaded.instrumentation.api.tracer.HttpServerTracer.setUrl(HttpServerTracer.java:199)
	at io.opentelemetry.javaagent.shaded.instrumentation.api.tracer.HttpServerTracer.onRequest(HttpServerTracer.java:182)
	at io.opentelemetry.javaagent.shaded.instrumentation.api.tracer.HttpServerTracer.startSpan(HttpServerTracer.java:91)
	at io.opentelemetry.javaagent.shaded.instrumentation.api.tracer.HttpServerTracer.startSpan(HttpServerTracer.java:58)
	at io.opentelemetry.javaagent.instrumentation.tomcat.common.TomcatTracer.startServerSpan(TomcatTracer.java:37)
	at org.apache.catalina.connector.CoyoteAdapter.service(CoyoteAdapter.java:303)
	at org.apache.coyote.http11.Http11Processor.service(Http11Processor.java:408)
	at org.apache.coyote.AbstractProcessorLight.process(AbstractProcessorLight.java:66)
	at org.apache.coyote.AbstractProtocol$ConnectionHandler.process(AbstractProtocol.java:791)
	at org.apache.tomcat.util.net.NioEndpoint$SocketProcessor.doRun(NioEndpoint.java:1417)
	at org.apache.tomcat.util.net.SocketProcessorBase.run(SocketProcessorBase.java:49)
	at java.base/java.util.concurrent.ThreadPoolExecutor.runWorker(ThreadPoolExecutor.java:1130)
	at java.base/java.util.concurrent.ThreadPoolExecutor$Worker.run(ThreadPoolExecutor.java:630)
	at org.apache.tomcat.util.threads.TaskThread$WrappingRunnable.run(TaskThread.java:61)
	at java.base/java.lang.Thread.run(Thread.java:831)
2021-07-02 07:51:18.566Z WARN  i.o.j.i.tomcat.common.TomcatTracer - Malformed url? scheme: http, host: smtp.aol.com, port: 25, path: smtp.aol.com:25, query: null
java.net.URISyntaxException: Relative path in absolute URI: http://smtp.aol.com:25smtp.aol.com:25
	at java.base/java.net.URI.checkPath(URI.java:1990)
	at java.base/java.net.URI.<init>(URI.java:707)
	at io.opentelemetry.javaagent.instrumentation.tomcat.common.TomcatTracer.url(TomcatTracer.java:84)
	at io.opentelemetry.javaagent.instrumentation.tomcat.common.TomcatTracer.url(TomcatTracer.java:30)
	at io.opentelemetry.javaagent.shaded.instrumentation.api.tracer.HttpServerTracer.setUrl(HttpServerTracer.java:199)
	at io.opentelemetry.javaagent.shaded.instrumentation.api.tracer.HttpServerTracer.onRequest(HttpServerTracer.java:182)
	at io.opentelemetry.javaagent.shaded.instrumentation.api.tracer.HttpServerTracer.startSpan(HttpServerTracer.java:91)
	at io.opentelemetry.javaagent.shaded.instrumentation.api.tracer.HttpServerTracer.startSpan(HttpServerTracer.java:58)
	at io.opentelemetry.javaagent.instrumentation.tomcat.common.TomcatTracer.startServerSpan(TomcatTracer.java:37)
	at org.apache.catalina.connector.CoyoteAdapter.service(CoyoteAdapter.java:303)
	at org.apache.coyote.http11.Http11Processor.service(Http11Processor.java:408)
	at org.apache.coyote.AbstractProcessorLight.process(AbstractProcessorLight.java:66)
	at org.apache.coyote.AbstractProtocol$ConnectionHandler.process(AbstractProtocol.java:791)
	at org.apache.tomcat.util.net.NioEndpoint$SocketProcessor.doRun(NioEndpoint.java:1417)
	at org.apache.tomcat.util.net.SocketProcessorBase.run(SocketProcessorBase.java:49)
	at java.base/java.util.concurrent.ThreadPoolExecutor.runWorker(ThreadPoolExecutor.java:1130)
	at java.base/java.util.concurrent.ThreadPoolExecutor$Worker.run(ThreadPoolExecutor.java:630)
	at org.apache.tomcat.util.threads.TaskThread$WrappingRunnable.run(TaskThread.java:61)
	at java.base/java.lang.Thread.run(Thread.java:831)
2021-07-02 08:43:52.030Z WARN  i.o.j.i.tomcat.common.TomcatTracer - Malformed url? scheme: http, host: null, port: 8083, path: null, query: null
java.net.URISyntaxException: Expected scheme-specific part at index 5: http:
	at java.base/java.net.URI$Parser.fail(URI.java:2966)
	at java.base/java.net.URI$Parser.failExpecting(URI.java:2972)
	at java.base/java.net.URI$Parser.parse(URI.java:3172)
	at java.base/java.net.URI.<init>(URI.java:708)
	at io.opentelemetry.javaagent.instrumentation.tomcat.common.TomcatTracer.url(TomcatTracer.java:84)
	at io.opentelemetry.javaagent.instrumentation.tomcat.common.TomcatTracer.url(TomcatTracer.java:30)
	at io.opentelemetry.javaagent.shaded.instrumentation.api.tracer.HttpServerTracer.setUrl(HttpServerTracer.java:199)
	at io.opentelemetry.javaagent.shaded.instrumentation.api.tracer.HttpServerTracer.onRequest(HttpServerTracer.java:182)
	at io.opentelemetry.javaagent.shaded.instrumentation.api.tracer.HttpServerTracer.startSpan(HttpServerTracer.java:91)
	at io.opentelemetry.javaagent.shaded.instrumentation.api.tracer.HttpServerTracer.startSpan(HttpServerTracer.java:58)
	at io.opentelemetry.javaagent.instrumentation.tomcat.common.TomcatTracer.startServerSpan(TomcatTracer.java:37)
	at org.apache.catalina.connector.CoyoteAdapter.service(CoyoteAdapter.java:303)
	at org.apache.coyote.http11.Http11Processor.service(Http11Processor.java:408)
	at org.apache.coyote.AbstractProcessorLight.process(AbstractProcessorLight.java:66)
	at org.apache.coyote.AbstractProtocol$ConnectionHandler.process(AbstractProtocol.java:791)
	at org.apache.tomcat.util.net.NioEndpoint$SocketProcessor.doRun(NioEndpoint.java:1417)
	at org.apache.tomcat.util.net.SocketProcessorBase.run(SocketProcessorBase.java:49)
	at java.base/java.util.concurrent.ThreadPoolExecutor.runWorker(ThreadPoolExecutor.java:1130)
	at java.base/java.util.concurrent.ThreadPoolExecutor$Worker.run(ThreadPoolExecutor.java:630)
	at org.apache.tomcat.util.threads.TaskThread$WrappingRunnable.run(TaskThread.java:61)
	at java.base/java.lang.Thread.run(Thread.java:831)
2021-07-02 08:43:52.042Z WARN  i.o.j.i.tomcat.common.TomcatTracer - Malformed url? scheme: http, host: null, port: 8083, path: null, query: null
java.net.URISyntaxException: Expected scheme-specific part at index 5: http:
	at java.base/java.net.URI$Parser.fail(URI.java:2966)
	at java.base/java.net.URI$Parser.failExpecting(URI.java:2972)
	at java.base/java.net.URI$Parser.parse(URI.java:3172)
	at java.base/java.net.URI.<init>(URI.java:708)
	at io.opentelemetry.javaagent.instrumentation.tomcat.common.TomcatTracer.url(TomcatTracer.java:84)
	at io.opentelemetry.javaagent.instrumentation.tomcat.common.TomcatTracer.url(TomcatTracer.java:30)
	at io.opentelemetry.javaagent.shaded.instrumentation.api.tracer.HttpServerTracer.setUrl(HttpServerTracer.java:199)
	at io.opentelemetry.javaagent.shaded.instrumentation.api.tracer.HttpServerTracer.onRequest(HttpServerTracer.java:182)
	at io.opentelemetry.javaagent.shaded.instrumentation.api.tracer.HttpServerTracer.startSpan(HttpServerTracer.java:91)
	at io.opentelemetry.javaagent.shaded.instrumentation.api.tracer.HttpServerTracer.startSpan(HttpServerTracer.java:58)
	at io.opentelemetry.javaagent.instrumentation.tomcat.common.TomcatTracer.startServerSpan(TomcatTracer.java:37)
	at org.apache.catalina.connector.CoyoteAdapter.service(CoyoteAdapter.java:303)
	at org.apache.coyote.http11.Http11Processor.service(Http11Processor.java:408)
	at org.apache.coyote.AbstractProcessorLight.process(AbstractProcessorLight.java:66)
	at org.apache.coyote.AbstractProtocol$ConnectionHandler.process(AbstractProtocol.java:791)
	at org.apache.tomcat.util.net.NioEndpoint$SocketProcessor.doRun(NioEndpoint.java:1417)
	at org.apache.tomcat.util.net.SocketProcessorBase.run(SocketProcessorBase.java:49)
	at java.base/java.util.concurrent.ThreadPoolExecutor.runWorker(ThreadPoolExecutor.java:1130)
	at java.base/java.util.concurrent.ThreadPoolExecutor$Worker.run(ThreadPoolExecutor.java:630)
	at org.apache.tomcat.util.threads.TaskThread$WrappingRunnable.run(TaskThread.java:61)
	at java.base/java.lang.Thread.run(Thread.java:831)
2021-07-02 08:43:52.051Z WARN  i.o.j.i.tomcat.common.TomcatTracer - Malformed url? scheme: http, host: 85.206.160.115, port: 80, path: 85.206.160.115:80, query: null
java.net.URISyntaxException: Relative path in absolute URI: http://85.206.160.115:8085.206.160.115:80
	at java.base/java.net.URI.checkPath(URI.java:1990)
	at java.base/java.net.URI.<init>(URI.java:707)
	at io.opentelemetry.javaagent.instrumentation.tomcat.common.TomcatTracer.url(TomcatTracer.java:84)
	at io.opentelemetry.javaagent.instrumentation.tomcat.common.TomcatTracer.url(TomcatTracer.java:30)
	at io.opentelemetry.javaagent.shaded.instrumentation.api.tracer.HttpServerTracer.setUrl(HttpServerTracer.java:199)
	at io.opentelemetry.javaagent.shaded.instrumentation.api.tracer.HttpServerTracer.onRequest(HttpServerTracer.java:182)
	at io.opentelemetry.javaagent.shaded.instrumentation.api.tracer.HttpServerTracer.startSpan(HttpServerTracer.java:91)
	at io.opentelemetry.javaagent.shaded.instrumentation.api.tracer.HttpServerTracer.startSpan(HttpServerTracer.java:58)
	at io.opentelemetry.javaagent.instrumentation.tomcat.common.TomcatTracer.startServerSpan(TomcatTracer.java:37)
	at org.apache.catalina.connector.CoyoteAdapter.service(CoyoteAdapter.java:303)
	at org.apache.coyote.http11.Http11Processor.service(Http11Processor.java:408)
	at org.apache.coyote.AbstractProcessorLight.process(AbstractProcessorLight.java:66)
	at org.apache.coyote.AbstractProtocol$ConnectionHandler.process(AbstractProtocol.java:791)
	at org.apache.tomcat.util.net.NioEndpoint$SocketProcessor.doRun(NioEndpoint.java:1417)
	at org.apache.tomcat.util.net.SocketProcessorBase.run(SocketProcessorBase.java:49)
	at java.base/java.util.concurrent.ThreadPoolExecutor.runWorker(ThreadPoolExecutor.java:1130)
	at java.base/java.util.concurrent.ThreadPoolExecutor$Worker.run(ThreadPoolExecutor.java:630)
	at org.apache.tomcat.util.threads.TaskThread$WrappingRunnable.run(TaskThread.java:61)
	at java.base/java.lang.Thread.run(Thread.java:831)
2021-07-03 07:53:46.976Z WARN  i.o.j.i.tomcat.common.TomcatTracer - Malformed url? scheme: http, host: null, port: 8083, path: null, query: null
java.net.URISyntaxException: Expected scheme-specific part at index 5: http:
	at java.base/java.net.URI$Parser.fail(URI.java:2966)
	at java.base/java.net.URI$Parser.failExpecting(URI.java:2972)
	at java.base/java.net.URI$Parser.parse(URI.java:3172)
	at java.base/java.net.URI.<init>(URI.java:708)
	at io.opentelemetry.javaagent.instrumentation.tomcat.common.TomcatTracer.url(TomcatTracer.java:84)
	at io.opentelemetry.javaagent.instrumentation.tomcat.common.TomcatTracer.url(TomcatTracer.java:30)
	at io.opentelemetry.javaagent.shaded.instrumentation.api.tracer.HttpServerTracer.setUrl(HttpServerTracer.java:199)
	at io.opentelemetry.javaagent.shaded.instrumentation.api.tracer.HttpServerTracer.onRequest(HttpServerTracer.java:182)
	at io.opentelemetry.javaagent.shaded.instrumentation.api.tracer.HttpServerTracer.startSpan(HttpServerTracer.java:91)
	at io.opentelemetry.javaagent.shaded.instrumentation.api.tracer.HttpServerTracer.startSpan(HttpServerTracer.java:58)
	at io.opentelemetry.javaagent.instrumentation.tomcat.common.TomcatTracer.startServerSpan(TomcatTracer.java:37)
	at org.apache.catalina.connector.CoyoteAdapter.service(CoyoteAdapter.java:303)
	at org.apache.coyote.http11.Http11Processor.service(Http11Processor.java:408)
	at org.apache.coyote.AbstractProcessorLight.process(AbstractProcessorLight.java:66)
	at org.apache.coyote.AbstractProtocol$ConnectionHandler.process(AbstractProtocol.java:791)
	at org.apache.tomcat.util.net.NioEndpoint$SocketProcessor.doRun(NioEndpoint.java:1417)
	at org.apache.tomcat.util.net.SocketProcessorBase.run(SocketProcessorBase.java:49)
	at java.base/java.util.concurrent.ThreadPoolExecutor.runWorker(ThreadPoolExecutor.java:1130)
	at java.base/java.util.concurrent.ThreadPoolExecutor$Worker.run(ThreadPoolExecutor.java:630)
	at org.apache.tomcat.util.threads.TaskThread$WrappingRunnable.run(TaskThread.java:61)
	at java.base/java.lang.Thread.run(Thread.java:831)
2021-07-03 22:02:34.430Z WARN  i.o.j.i.tomcat.common.TomcatTracer - Malformed url? scheme: http, host: null, port: 8083, path: null, query: null
java.net.URISyntaxException: Expected scheme-specific part at index 5: http:
	at java.base/java.net.URI$Parser.fail(URI.java:2966)
	at java.base/java.net.URI$Parser.failExpecting(URI.java:2972)
	at java.base/java.net.URI$Parser.parse(URI.java:3172)
	at java.base/java.net.URI.<init>(URI.java:708)
	at io.opentelemetry.javaagent.instrumentation.tomcat.common.TomcatTracer.url(TomcatTracer.java:84)
	at io.opentelemetry.javaagent.instrumentation.tomcat.common.TomcatTracer.url(TomcatTracer.java:30)
	at io.opentelemetry.javaagent.shaded.instrumentation.api.tracer.HttpServerTracer.setUrl(HttpServerTracer.java:199)
	at io.opentelemetry.javaagent.shaded.instrumentation.api.tracer.HttpServerTracer.onRequest(HttpServerTracer.java:182)
	at io.opentelemetry.javaagent.shaded.instrumentation.api.tracer.HttpServerTracer.startSpan(HttpServerTracer.java:91)
	at io.opentelemetry.javaagent.shaded.instrumentation.api.tracer.HttpServerTracer.startSpan(HttpServerTracer.java:58)
	at io.opentelemetry.javaagent.instrumentation.tomcat.common.TomcatTracer.startServerSpan(TomcatTracer.java:37)
	at org.apache.catalina.connector.CoyoteAdapter.service(CoyoteAdapter.java:303)
	at org.apache.coyote.http11.Http11Processor.service(Http11Processor.java:408)
	at org.apache.coyote.AbstractProcessorLight.process(AbstractProcessorLight.java:66)
	at org.apache.coyote.AbstractProtocol$ConnectionHandler.process(AbstractProtocol.java:791)
	at org.apache.tomcat.util.net.NioEndpoint$SocketProcessor.doRun(NioEndpoint.java:1417)
	at org.apache.tomcat.util.net.SocketProcessorBase.run(SocketProcessorBase.java:49)
	at java.base/java.util.concurrent.ThreadPoolExecutor.runWorker(ThreadPoolExecutor.java:1130)
	at java.base/java.util.concurrent.ThreadPoolExecutor$Worker.run(ThreadPoolExecutor.java:630)
	at org.apache.tomcat.util.threads.TaskThread$WrappingRunnable.run(TaskThread.java:61)
	at java.base/java.lang.Thread.run(Thread.java:831)
2021-07-14 07:17:52.141Z INFO  c.m.applicationinsights.agent - ApplicationInsights Java Agent 3.1.1 started successfully
2021-07-14 07:24:40.556Z INFO  c.m.applicationinsights.agent - ApplicationInsights Java Agent 3.1.1 started successfully
2021-07-14 15:29:57.830Z WARN  i.o.j.i.tomcat.common.TomcatTracer - Malformed url? scheme: http, host: null, port: 8083, path: null, query: null
java.net.URISyntaxException: Expected scheme-specific part at index 5: http:
	at java.base/java.net.URI$Parser.fail(URI.java:2966)
	at java.base/java.net.URI$Parser.failExpecting(URI.java:2972)
	at java.base/java.net.URI$Parser.parse(URI.java:3172)
	at java.base/java.net.URI.<init>(URI.java:708)
	at io.opentelemetry.javaagent.instrumentation.tomcat.common.TomcatTracer.url(TomcatTracer.java:84)
	at io.opentelemetry.javaagent.instrumentation.tomcat.common.TomcatTracer.url(TomcatTracer.java:30)
	at io.opentelemetry.javaagent.shaded.instrumentation.api.tracer.HttpServerTracer.setUrl(HttpServerTracer.java:199)
	at io.opentelemetry.javaagent.shaded.instrumentation.api.tracer.HttpServerTracer.onRequest(HttpServerTracer.java:182)
	at io.opentelemetry.javaagent.shaded.instrumentation.api.tracer.HttpServerTracer.startSpan(HttpServerTracer.java:91)
	at io.opentelemetry.javaagent.shaded.instrumentation.api.tracer.HttpServerTracer.startSpan(HttpServerTracer.java:58)
	at io.opentelemetry.javaagent.instrumentation.tomcat.common.TomcatTracer.startServerSpan(TomcatTracer.java:37)
	at org.apache.catalina.connector.CoyoteAdapter.service(CoyoteAdapter.java:303)
	at org.apache.coyote.http11.Http11Processor.service(Http11Processor.java:408)
	at org.apache.coyote.AbstractProcessorLight.process(AbstractProcessorLight.java:66)
	at org.apache.coyote.AbstractProtocol$ConnectionHandler.process(AbstractProtocol.java:791)
	at org.apache.tomcat.util.net.NioEndpoint$SocketProcessor.doRun(NioEndpoint.java:1417)
	at org.apache.tomcat.util.net.SocketProcessorBase.run(SocketProcessorBase.java:49)
	at java.base/java.util.concurrent.ThreadPoolExecutor.runWorker(ThreadPoolExecutor.java:1130)
	at java.base/java.util.concurrent.ThreadPoolExecutor$Worker.run(ThreadPoolExecutor.java:630)
	at org.apache.tomcat.util.threads.TaskThread$WrappingRunnable.run(TaskThread.java:61)
	at java.base/java.lang.Thread.run(Thread.java:831)
2021-07-15 05:46:54.699Z WARN  i.o.j.i.tomcat.common.TomcatTracer - Malformed url? scheme: http, host: null, port: 8083, path: null, query: null
java.net.URISyntaxException: Expected scheme-specific part at index 5: http:
	at java.base/java.net.URI$Parser.fail(URI.java:2966)
	at java.base/java.net.URI$Parser.failExpecting(URI.java:2972)
	at java.base/java.net.URI$Parser.parse(URI.java:3172)
	at java.base/java.net.URI.<init>(URI.java:708)
	at io.opentelemetry.javaagent.instrumentation.tomcat.common.TomcatTracer.url(TomcatTracer.java:84)
	at io.opentelemetry.javaagent.instrumentation.tomcat.common.TomcatTracer.url(TomcatTracer.java:30)
	at io.opentelemetry.javaagent.shaded.instrumentation.api.tracer.HttpServerTracer.setUrl(HttpServerTracer.java:199)
	at io.opentelemetry.javaagent.shaded.instrumentation.api.tracer.HttpServerTracer.onRequest(HttpServerTracer.java:182)
	at io.opentelemetry.javaagent.shaded.instrumentation.api.tracer.HttpServerTracer.startSpan(HttpServerTracer.java:91)
	at io.opentelemetry.javaagent.shaded.instrumentation.api.tracer.HttpServerTracer.startSpan(HttpServerTracer.java:58)
	at io.opentelemetry.javaagent.instrumentation.tomcat.common.TomcatTracer.startServerSpan(TomcatTracer.java:37)
	at org.apache.catalina.connector.CoyoteAdapter.service(CoyoteAdapter.java:303)
	at org.apache.coyote.http11.Http11Processor.service(Http11Processor.java:408)
	at org.apache.coyote.AbstractProcessorLight.process(AbstractProcessorLight.java:66)
	at org.apache.coyote.AbstractProtocol$ConnectionHandler.process(AbstractProtocol.java:791)
	at org.apache.tomcat.util.net.NioEndpoint$SocketProcessor.doRun(NioEndpoint.java:1417)
	at org.apache.tomcat.util.net.SocketProcessorBase.run(SocketProcessorBase.java:49)
	at java.base/java.util.concurrent.ThreadPoolExecutor.runWorker(ThreadPoolExecutor.java:1130)
	at java.base/java.util.concurrent.ThreadPoolExecutor$Worker.run(ThreadPoolExecutor.java:630)
	at org.apache.tomcat.util.threads.TaskThread$WrappingRunnable.run(TaskThread.java:61)
	at java.base/java.lang.Thread.run(Thread.java:831)
2021-07-15 05:46:54.717Z WARN  i.o.j.i.tomcat.common.TomcatTracer - Malformed url? scheme: http, host: null, port: 8083, path: null, query: null
java.net.URISyntaxException: Expected scheme-specific part at index 5: http:
	at java.base/java.net.URI$Parser.fail(URI.java:2966)
	at java.base/java.net.URI$Parser.failExpecting(URI.java:2972)
	at java.base/java.net.URI$Parser.parse(URI.java:3172)
	at java.base/java.net.URI.<init>(URI.java:708)
	at io.opentelemetry.javaagent.instrumentation.tomcat.common.TomcatTracer.url(TomcatTracer.java:84)
	at io.opentelemetry.javaagent.instrumentation.tomcat.common.TomcatTracer.url(TomcatTracer.java:30)
	at io.opentelemetry.javaagent.shaded.instrumentation.api.tracer.HttpServerTracer.setUrl(HttpServerTracer.java:199)
	at io.opentelemetry.javaagent.shaded.instrumentation.api.tracer.HttpServerTracer.onRequest(HttpServerTracer.java:182)
	at io.opentelemetry.javaagent.shaded.instrumentation.api.tracer.HttpServerTracer.startSpan(HttpServerTracer.java:91)
	at io.opentelemetry.javaagent.shaded.instrumentation.api.tracer.HttpServerTracer.startSpan(HttpServerTracer.java:58)
	at io.opentelemetry.javaagent.instrumentation.tomcat.common.TomcatTracer.startServerSpan(TomcatTracer.java:37)
	at org.apache.catalina.connector.CoyoteAdapter.service(CoyoteAdapter.java:303)
	at org.apache.coyote.http11.Http11Processor.service(Http11Processor.java:408)
	at org.apache.coyote.AbstractProcessorLight.process(AbstractProcessorLight.java:66)
	at org.apache.coyote.AbstractProtocol$ConnectionHandler.process(AbstractProtocol.java:791)
	at org.apache.tomcat.util.net.NioEndpoint$SocketProcessor.doRun(NioEndpoint.java:1417)
	at org.apache.tomcat.util.net.SocketProcessorBase.run(SocketProcessorBase.java:49)
	at java.base/java.util.concurrent.ThreadPoolExecutor.runWorker(ThreadPoolExecutor.java:1130)
	at java.base/java.util.concurrent.ThreadPoolExecutor$Worker.run(ThreadPoolExecutor.java:630)
	at org.apache.tomcat.util.threads.TaskThread$WrappingRunnable.run(TaskThread.java:61)
	at java.base/java.lang.Thread.run(Thread.java:831)
2021-07-15 05:46:54.732Z WARN  i.o.j.i.tomcat.common.TomcatTracer - Malformed url? scheme: http, host: hotmail-com.olc.protection.outlook.com, port: 25, path: hotmail-com.olc.protection.outlook.com:25, query: null
java.net.URISyntaxException: Relative path in absolute URI: http://hotmail-com.olc.protection.outlook.com:25hotmail-com.olc.protection.outlook.com:25
	at java.base/java.net.URI.checkPath(URI.java:1990)
	at java.base/java.net.URI.<init>(URI.java:707)
	at io.opentelemetry.javaagent.instrumentation.tomcat.common.TomcatTracer.url(TomcatTracer.java:84)
	at io.opentelemetry.javaagent.instrumentation.tomcat.common.TomcatTracer.url(TomcatTracer.java:30)
	at io.opentelemetry.javaagent.shaded.instrumentation.api.tracer.HttpServerTracer.setUrl(HttpServerTracer.java:199)
	at io.opentelemetry.javaagent.shaded.instrumentation.api.tracer.HttpServerTracer.onRequest(HttpServerTracer.java:182)
	at io.opentelemetry.javaagent.shaded.instrumentation.api.tracer.HttpServerTracer.startSpan(HttpServerTracer.java:91)
	at io.opentelemetry.javaagent.shaded.instrumentation.api.tracer.HttpServerTracer.startSpan(HttpServerTracer.java:58)
	at io.opentelemetry.javaagent.instrumentation.tomcat.common.TomcatTracer.startServerSpan(TomcatTracer.java:37)
	at org.apache.catalina.connector.CoyoteAdapter.service(CoyoteAdapter.java:303)
	at org.apache.coyote.http11.Http11Processor.service(Http11Processor.java:408)
	at org.apache.coyote.AbstractProcessorLight.process(AbstractProcessorLight.java:66)
	at org.apache.coyote.AbstractProtocol$ConnectionHandler.process(AbstractProtocol.java:791)
	at org.apache.tomcat.util.net.NioEndpoint$SocketProcessor.doRun(NioEndpoint.java:1417)
	at org.apache.tomcat.util.net.SocketProcessorBase.run(SocketProcessorBase.java:49)
	at java.base/java.util.concurrent.ThreadPoolExecutor.runWorker(ThreadPoolExecutor.java:1130)
	at java.base/java.util.concurrent.ThreadPoolExecutor$Worker.run(ThreadPoolExecutor.java:630)
	at org.apache.tomcat.util.threads.TaskThread$WrappingRunnable.run(TaskThread.java:61)
	at java.base/java.lang.Thread.run(Thread.java:831)
2021-07-15 06:45:50.857Z WARN  i.o.j.i.tomcat.common.TomcatTracer - Malformed url? scheme: http, host: null, port: 8083, path: null, query: null
java.net.URISyntaxException: Expected scheme-specific part at index 5: http:
	at java.base/java.net.URI$Parser.fail(URI.java:2966)
	at java.base/java.net.URI$Parser.failExpecting(URI.java:2972)
	at java.base/java.net.URI$Parser.parse(URI.java:3172)
	at java.base/java.net.URI.<init>(URI.java:708)
	at io.opentelemetry.javaagent.instrumentation.tomcat.common.TomcatTracer.url(TomcatTracer.java:84)
	at io.opentelemetry.javaagent.instrumentation.tomcat.common.TomcatTracer.url(TomcatTracer.java:30)
	at io.opentelemetry.javaagent.shaded.instrumentation.api.tracer.HttpServerTracer.setUrl(HttpServerTracer.java:199)
	at io.opentelemetry.javaagent.shaded.instrumentation.api.tracer.HttpServerTracer.onRequest(HttpServerTracer.java:182)
	at io.opentelemetry.javaagent.shaded.instrumentation.api.tracer.HttpServerTracer.startSpan(HttpServerTracer.java:91)
	at io.opentelemetry.javaagent.shaded.instrumentation.api.tracer.HttpServerTracer.startSpan(HttpServerTracer.java:58)
	at io.opentelemetry.javaagent.instrumentation.tomcat.common.TomcatTracer.startServerSpan(TomcatTracer.java:37)
	at org.apache.catalina.connector.CoyoteAdapter.service(CoyoteAdapter.java:303)
	at org.apache.coyote.http11.Http11Processor.service(Http11Processor.java:408)
	at org.apache.coyote.AbstractProcessorLight.process(AbstractProcessorLight.java:66)
	at org.apache.coyote.AbstractProtocol$ConnectionHandler.process(AbstractProtocol.java:791)
	at org.apache.tomcat.util.net.NioEndpoint$SocketProcessor.doRun(NioEndpoint.java:1417)
	at org.apache.tomcat.util.net.SocketProcessorBase.run(SocketProcessorBase.java:49)
	at java.base/java.util.concurrent.ThreadPoolExecutor.runWorker(ThreadPoolExecutor.java:1130)
	at java.base/java.util.concurrent.ThreadPoolExecutor$Worker.run(ThreadPoolExecutor.java:630)
	at org.apache.tomcat.util.threads.TaskThread$WrappingRunnable.run(TaskThread.java:61)
	at java.base/java.lang.Thread.run(Thread.java:831)
2021-07-15 06:45:50.876Z WARN  i.o.j.i.tomcat.common.TomcatTracer - Malformed url? scheme: http, host: null, port: 8083, path: null, query: null
java.net.URISyntaxException: Expected scheme-specific part at index 5: http:
	at java.base/java.net.URI$Parser.fail(URI.java:2966)
	at java.base/java.net.URI$Parser.failExpecting(URI.java:2972)
	at java.base/java.net.URI$Parser.parse(URI.java:3172)
	at java.base/java.net.URI.<init>(URI.java:708)
	at io.opentelemetry.javaagent.instrumentation.tomcat.common.TomcatTracer.url(TomcatTracer.java:84)
	at io.opentelemetry.javaagent.instrumentation.tomcat.common.TomcatTracer.url(TomcatTracer.java:30)
	at io.opentelemetry.javaagent.shaded.instrumentation.api.tracer.HttpServerTracer.setUrl(HttpServerTracer.java:199)
	at io.opentelemetry.javaagent.shaded.instrumentation.api.tracer.HttpServerTracer.onRequest(HttpServerTracer.java:182)
	at io.opentelemetry.javaagent.shaded.instrumentation.api.tracer.HttpServerTracer.startSpan(HttpServerTracer.java:91)
	at io.opentelemetry.javaagent.shaded.instrumentation.api.tracer.HttpServerTracer.startSpan(HttpServerTracer.java:58)
	at io.opentelemetry.javaagent.instrumentation.tomcat.common.TomcatTracer.startServerSpan(TomcatTracer.java:37)
	at org.apache.catalina.connector.CoyoteAdapter.service(CoyoteAdapter.java:303)
	at org.apache.coyote.http11.Http11Processor.service(Http11Processor.java:408)
	at org.apache.coyote.AbstractProcessorLight.process(AbstractProcessorLight.java:66)
	at org.apache.coyote.AbstractProtocol$ConnectionHandler.process(AbstractProtocol.java:791)
	at org.apache.tomcat.util.net.NioEndpoint$SocketProcessor.doRun(NioEndpoint.java:1417)
	at org.apache.tomcat.util.net.SocketProcessorBase.run(SocketProcessorBase.java:49)
	at java.base/java.util.concurrent.ThreadPoolExecutor.runWorker(ThreadPoolExecutor.java:1130)
	at java.base/java.util.concurrent.ThreadPoolExecutor$Worker.run(ThreadPoolExecutor.java:630)
	at org.apache.tomcat.util.threads.TaskThread$WrappingRunnable.run(TaskThread.java:61)
	at java.base/java.lang.Thread.run(Thread.java:831)
2021-07-15 06:45:50.888Z WARN  i.o.j.i.tomcat.common.TomcatTracer - Malformed url? scheme: http, host: 85.206.160.115, port: 80, path: 85.206.160.115:80, query: null
java.net.URISyntaxException: Relative path in absolute URI: http://85.206.160.115:8085.206.160.115:80
	at java.base/java.net.URI.checkPath(URI.java:1990)
	at java.base/java.net.URI.<init>(URI.java:707)
	at io.opentelemetry.javaagent.instrumentation.tomcat.common.TomcatTracer.url(TomcatTracer.java:84)
	at io.opentelemetry.javaagent.instrumentation.tomcat.common.TomcatTracer.url(TomcatTracer.java:30)
	at io.opentelemetry.javaagent.shaded.instrumentation.api.tracer.HttpServerTracer.setUrl(HttpServerTracer.java:199)
	at io.opentelemetry.javaagent.shaded.instrumentation.api.tracer.HttpServerTracer.onRequest(HttpServerTracer.java:182)
	at io.opentelemetry.javaagent.shaded.instrumentation.api.tracer.HttpServerTracer.startSpan(HttpServerTracer.java:91)
	at io.opentelemetry.javaagent.shaded.instrumentation.api.tracer.HttpServerTracer.startSpan(HttpServerTracer.java:58)
	at io.opentelemetry.javaagent.instrumentation.tomcat.common.TomcatTracer.startServerSpan(TomcatTracer.java:37)
	at org.apache.catalina.connector.CoyoteAdapter.service(CoyoteAdapter.java:303)
	at org.apache.coyote.http11.Http11Processor.service(Http11Processor.java:408)
	at org.apache.coyote.AbstractProcessorLight.process(AbstractProcessorLight.java:66)
	at org.apache.coyote.AbstractProtocol$ConnectionHandler.process(AbstractProtocol.java:791)
	at org.apache.tomcat.util.net.NioEndpoint$SocketProcessor.doRun(NioEndpoint.java:1417)
	at org.apache.tomcat.util.net.SocketProcessorBase.run(SocketProcessorBase.java:49)
	at java.base/java.util.concurrent.ThreadPoolExecutor.runWorker(ThreadPoolExecutor.java:1130)
	at java.base/java.util.concurrent.ThreadPoolExecutor$Worker.run(ThreadPoolExecutor.java:630)
	at org.apache.tomcat.util.threads.TaskThread$WrappingRunnable.run(TaskThread.java:61)
	at java.base/java.lang.Thread.run(Thread.java:831)
2021-07-15 07:06:11.930Z WARN  i.o.j.i.tomcat.common.TomcatTracer - Malformed url? scheme: http, host: null, port: 8083, path: null, query: null
java.net.URISyntaxException: Expected scheme-specific part at index 5: http:
	at java.base/java.net.URI$Parser.fail(URI.java:2966)
	at java.base/java.net.URI$Parser.failExpecting(URI.java:2972)
	at java.base/java.net.URI$Parser.parse(URI.java:3172)
	at java.base/java.net.URI.<init>(URI.java:708)
	at io.opentelemetry.javaagent.instrumentation.tomcat.common.TomcatTracer.url(TomcatTracer.java:84)
	at io.opentelemetry.javaagent.instrumentation.tomcat.common.TomcatTracer.url(TomcatTracer.java:30)
	at io.opentelemetry.javaagent.shaded.instrumentation.api.tracer.HttpServerTracer.setUrl(HttpServerTracer.java:199)
	at io.opentelemetry.javaagent.shaded.instrumentation.api.tracer.HttpServerTracer.onRequest(HttpServerTracer.java:182)
	at io.opentelemetry.javaagent.shaded.instrumentation.api.tracer.HttpServerTracer.startSpan(HttpServerTracer.java:91)
	at io.opentelemetry.javaagent.shaded.instrumentation.api.tracer.HttpServerTracer.startSpan(HttpServerTracer.java:58)
	at io.opentelemetry.javaagent.instrumentation.tomcat.common.TomcatTracer.startServerSpan(TomcatTracer.java:37)
	at org.apache.catalina.connector.CoyoteAdapter.service(CoyoteAdapter.java:303)
	at org.apache.coyote.http11.Http11Processor.service(Http11Processor.java:408)
	at org.apache.coyote.AbstractProcessorLight.process(AbstractProcessorLight.java:66)
	at org.apache.coyote.AbstractProtocol$ConnectionHandler.process(AbstractProtocol.java:791)
	at org.apache.tomcat.util.net.NioEndpoint$SocketProcessor.doRun(NioEndpoint.java:1417)
	at org.apache.tomcat.util.net.SocketProcessorBase.run(SocketProcessorBase.java:49)
	at java.base/java.util.concurrent.ThreadPoolExecutor.runWorker(ThreadPoolExecutor.java:1130)
	at java.base/java.util.concurrent.ThreadPoolExecutor$Worker.run(ThreadPoolExecutor.java:630)
	at org.apache.tomcat.util.threads.TaskThread$WrappingRunnable.run(TaskThread.java:61)
	at java.base/java.lang.Thread.run(Thread.java:831)
2021-07-16 04:54:09.801Z WARN  i.o.j.i.tomcat.common.TomcatTracer - Malformed url? scheme: http, host: null, port: 8083, path: null, query: null
java.net.URISyntaxException: Expected scheme-specific part at index 5: http:
	at java.base/java.net.URI$Parser.fail(URI.java:2966)
	at java.base/java.net.URI$Parser.failExpecting(URI.java:2972)
	at java.base/java.net.URI$Parser.parse(URI.java:3172)
	at java.base/java.net.URI.<init>(URI.java:708)
	at io.opentelemetry.javaagent.instrumentation.tomcat.common.TomcatTracer.url(TomcatTracer.java:84)
	at io.opentelemetry.javaagent.instrumentation.tomcat.common.TomcatTracer.url(TomcatTracer.java:30)
	at io.opentelemetry.javaagent.shaded.instrumentation.api.tracer.HttpServerTracer.setUrl(HttpServerTracer.java:199)
	at io.opentelemetry.javaagent.shaded.instrumentation.api.tracer.HttpServerTracer.onRequest(HttpServerTracer.java:182)
	at io.opentelemetry.javaagent.shaded.instrumentation.api.tracer.HttpServerTracer.startSpan(HttpServerTracer.java:91)
	at io.opentelemetry.javaagent.shaded.instrumentation.api.tracer.HttpServerTracer.startSpan(HttpServerTracer.java:58)
	at io.opentelemetry.javaagent.instrumentation.tomcat.common.TomcatTracer.startServerSpan(TomcatTracer.java:37)
	at org.apache.catalina.connector.CoyoteAdapter.service(CoyoteAdapter.java:303)
	at org.apache.coyote.http11.Http11Processor.service(Http11Processor.java:408)
	at org.apache.coyote.AbstractProcessorLight.process(AbstractProcessorLight.java:66)
	at org.apache.coyote.AbstractProtocol$ConnectionHandler.process(AbstractProtocol.java:791)
	at org.apache.tomcat.util.net.NioEndpoint$SocketProcessor.doRun(NioEndpoint.java:1417)
	at org.apache.tomcat.util.net.SocketProcessorBase.run(SocketProcessorBase.java:49)
	at java.base/java.util.concurrent.ThreadPoolExecutor.runWorker(ThreadPoolExecutor.java:1130)
	at java.base/java.util.concurrent.ThreadPoolExecutor$Worker.run(ThreadPoolExecutor.java:630)
	at org.apache.tomcat.util.threads.TaskThread$WrappingRunnable.run(TaskThread.java:61)
	at java.base/java.lang.Thread.run(Thread.java:831)
2021-07-16 07:25:03.080Z WARN  i.o.j.i.tomcat.common.TomcatTracer - Malformed url? scheme: http, host: host64.ru, port: 80, path: 87.236.16.23:80, query: null
java.net.URISyntaxException: Relative path in absolute URI: http://host64.ru:8087.236.16.23:80
	at java.base/java.net.URI.checkPath(URI.java:1990)
	at java.base/java.net.URI.<init>(URI.java:707)
	at io.opentelemetry.javaagent.instrumentation.tomcat.common.TomcatTracer.url(TomcatTracer.java:84)
	at io.opentelemetry.javaagent.instrumentation.tomcat.common.TomcatTracer.url(TomcatTracer.java:30)
	at io.opentelemetry.javaagent.shaded.instrumentation.api.tracer.HttpServerTracer.setUrl(HttpServerTracer.java:199)
	at io.opentelemetry.javaagent.shaded.instrumentation.api.tracer.HttpServerTracer.onRequest(HttpServerTracer.java:182)
	at io.opentelemetry.javaagent.shaded.instrumentation.api.tracer.HttpServerTracer.startSpan(HttpServerTracer.java:91)
	at io.opentelemetry.javaagent.shaded.instrumentation.api.tracer.HttpServerTracer.startSpan(HttpServerTracer.java:58)
	at io.opentelemetry.javaagent.instrumentation.tomcat.common.TomcatTracer.startServerSpan(TomcatTracer.java:37)
	at org.apache.catalina.connector.CoyoteAdapter.service(CoyoteAdapter.java:303)
	at org.apache.coyote.http11.Http11Processor.service(Http11Processor.java:408)
	at org.apache.coyote.AbstractProcessorLight.process(AbstractProcessorLight.java:66)
	at org.apache.coyote.AbstractProtocol$ConnectionHandler.process(AbstractProtocol.java:791)
	at org.apache.tomcat.util.net.NioEndpoint$SocketProcessor.doRun(NioEndpoint.java:1417)
	at org.apache.tomcat.util.net.SocketProcessorBase.run(SocketProcessorBase.java:49)
	at java.base/java.util.concurrent.ThreadPoolExecutor.runWorker(ThreadPoolExecutor.java:1130)
	at java.base/java.util.concurrent.ThreadPoolExecutor$Worker.run(ThreadPoolExecutor.java:630)
	at org.apache.tomcat.util.threads.TaskThread$WrappingRunnable.run(TaskThread.java:61)
	at java.base/java.lang.Thread.run(Thread.java:831)
2021-07-16 07:25:08.095Z WARN  i.o.j.i.tomcat.common.TomcatTracer - Malformed url? scheme: http, host: null, port: 8083, path: null, query: null
java.net.URISyntaxException: Expected scheme-specific part at index 5: http:
	at java.base/java.net.URI$Parser.fail(URI.java:2966)
	at java.base/java.net.URI$Parser.failExpecting(URI.java:2972)
	at java.base/java.net.URI$Parser.parse(URI.java:3172)
	at java.base/java.net.URI.<init>(URI.java:708)
	at io.opentelemetry.javaagent.instrumentation.tomcat.common.TomcatTracer.url(TomcatTracer.java:84)
	at io.opentelemetry.javaagent.instrumentation.tomcat.common.TomcatTracer.url(TomcatTracer.java:30)
	at io.opentelemetry.javaagent.shaded.instrumentation.api.tracer.HttpServerTracer.setUrl(HttpServerTracer.java:199)
	at io.opentelemetry.javaagent.shaded.instrumentation.api.tracer.HttpServerTracer.onRequest(HttpServerTracer.java:182)
	at io.opentelemetry.javaagent.shaded.instrumentation.api.tracer.HttpServerTracer.startSpan(HttpServerTracer.java:91)
	at io.opentelemetry.javaagent.shaded.instrumentation.api.tracer.HttpServerTracer.startSpan(HttpServerTracer.java:58)
	at io.opentelemetry.javaagent.instrumentation.tomcat.common.TomcatTracer.startServerSpan(TomcatTracer.java:37)
	at org.apache.catalina.connector.CoyoteAdapter.service(CoyoteAdapter.java:303)
	at org.apache.coyote.http11.Http11Processor.service(Http11Processor.java:408)
	at org.apache.coyote.AbstractProcessorLight.process(AbstractProcessorLight.java:66)
	at org.apache.coyote.AbstractProtocol$ConnectionHandler.process(AbstractProtocol.java:791)
	at org.apache.tomcat.util.net.NioEndpoint$SocketProcessor.doRun(NioEndpoint.java:1417)
	at org.apache.tomcat.util.net.SocketProcessorBase.run(SocketProcessorBase.java:49)
	at java.base/java.util.concurrent.ThreadPoolExecutor.runWorker(ThreadPoolExecutor.java:1130)
	at java.base/java.util.concurrent.ThreadPoolExecutor$Worker.run(ThreadPoolExecutor.java:630)
	at org.apache.tomcat.util.threads.TaskThread$WrappingRunnable.run(TaskThread.java:61)
	at java.base/java.lang.Thread.run(Thread.java:831)
2021-07-16 07:25:18.126Z WARN  i.o.j.i.tomcat.common.TomcatTracer - Malformed url? scheme: http, host: null, port: 8083, path: null, query: null
java.net.URISyntaxException: Expected scheme-specific part at index 5: http:
	at java.base/java.net.URI$Parser.fail(URI.java:2966)
	at java.base/java.net.URI$Parser.failExpecting(URI.java:2972)
	at java.base/java.net.URI$Parser.parse(URI.java:3172)
	at java.base/java.net.URI.<init>(URI.java:708)
	at io.opentelemetry.javaagent.instrumentation.tomcat.common.TomcatTracer.url(TomcatTracer.java:84)
	at io.opentelemetry.javaagent.instrumentation.tomcat.common.TomcatTracer.url(TomcatTracer.java:30)
	at io.opentelemetry.javaagent.shaded.instrumentation.api.tracer.HttpServerTracer.setUrl(HttpServerTracer.java:199)
	at io.opentelemetry.javaagent.shaded.instrumentation.api.tracer.HttpServerTracer.onRequest(HttpServerTracer.java:182)
	at io.opentelemetry.javaagent.shaded.instrumentation.api.tracer.HttpServerTracer.startSpan(HttpServerTracer.java:91)
	at io.opentelemetry.javaagent.shaded.instrumentation.api.tracer.HttpServerTracer.startSpan(HttpServerTracer.java:58)
	at io.opentelemetry.javaagent.instrumentation.tomcat.common.TomcatTracer.startServerSpan(TomcatTracer.java:37)
	at org.apache.catalina.connector.CoyoteAdapter.service(CoyoteAdapter.java:303)
	at org.apache.coyote.http11.Http11Processor.service(Http11Processor.java:408)
	at org.apache.coyote.AbstractProcessorLight.process(AbstractProcessorLight.java:66)
	at org.apache.coyote.AbstractProtocol$ConnectionHandler.process(AbstractProtocol.java:791)
	at org.apache.tomcat.util.net.NioEndpoint$SocketProcessor.doRun(NioEndpoint.java:1417)
	at org.apache.tomcat.util.net.SocketProcessorBase.run(SocketProcessorBase.java:49)
	at java.base/java.util.concurrent.ThreadPoolExecutor.runWorker(ThreadPoolExecutor.java:1130)
	at java.base/java.util.concurrent.ThreadPoolExecutor$Worker.run(ThreadPoolExecutor.java:630)
	at org.apache.tomcat.util.threads.TaskThread$WrappingRunnable.run(TaskThread.java:61)
	at java.base/java.lang.Thread.run(Thread.java:831)
2021-07-16 20:28:25.668Z WARN  i.o.j.i.tomcat.common.TomcatTracer - Malformed url? scheme: http, host: null, port: 8083, path: null, query: null
java.net.URISyntaxException: Expected scheme-specific part at index 5: http:
	at java.base/java.net.URI$Parser.fail(URI.java:2966)
	at java.base/java.net.URI$Parser.failExpecting(URI.java:2972)
	at java.base/java.net.URI$Parser.parse(URI.java:3172)
	at java.base/java.net.URI.<init>(URI.java:708)
	at io.opentelemetry.javaagent.instrumentation.tomcat.common.TomcatTracer.url(TomcatTracer.java:84)
	at io.opentelemetry.javaagent.instrumentation.tomcat.common.TomcatTracer.url(TomcatTracer.java:30)
	at io.opentelemetry.javaagent.shaded.instrumentation.api.tracer.HttpServerTracer.setUrl(HttpServerTracer.java:199)
	at io.opentelemetry.javaagent.shaded.instrumentation.api.tracer.HttpServerTracer.onRequest(HttpServerTracer.java:182)
	at io.opentelemetry.javaagent.shaded.instrumentation.api.tracer.HttpServerTracer.startSpan(HttpServerTracer.java:91)
	at io.opentelemetry.javaagent.shaded.instrumentation.api.tracer.HttpServerTracer.startSpan(HttpServerTracer.java:58)
	at io.opentelemetry.javaagent.instrumentation.tomcat.common.TomcatTracer.startServerSpan(TomcatTracer.java:37)
	at org.apache.catalina.connector.CoyoteAdapter.service(CoyoteAdapter.java:303)
	at org.apache.coyote.http11.Http11Processor.service(Http11Processor.java:408)
	at org.apache.coyote.AbstractProcessorLight.process(AbstractProcessorLight.java:66)
	at org.apache.coyote.AbstractProtocol$ConnectionHandler.process(AbstractProtocol.java:791)
	at org.apache.tomcat.util.net.NioEndpoint$SocketProcessor.doRun(NioEndpoint.java:1417)
	at org.apache.tomcat.util.net.SocketProcessorBase.run(SocketProcessorBase.java:49)
	at java.base/java.util.concurrent.ThreadPoolExecutor.runWorker(ThreadPoolExecutor.java:1130)
	at java.base/java.util.concurrent.ThreadPoolExecutor$Worker.run(ThreadPoolExecutor.java:630)
	at org.apache.tomcat.util.threads.TaskThread$WrappingRunnable.run(TaskThread.java:61)
	at java.base/java.lang.Thread.run(Thread.java:831)
2021-07-17 01:26:06.055Z WARN  i.o.j.i.tomcat.common.TomcatTracer - Malformed url? scheme: http, host: freeze.na4u.ru, port: 80, path: 91.201.52.66:80, query: null
java.net.URISyntaxException: Relative path in absolute URI: http://freeze.na4u.ru:8091.201.52.66:80
	at java.base/java.net.URI.checkPath(URI.java:1990)
	at java.base/java.net.URI.<init>(URI.java:707)
	at io.opentelemetry.javaagent.instrumentation.tomcat.common.TomcatTracer.url(TomcatTracer.java:84)
	at io.opentelemetry.javaagent.instrumentation.tomcat.common.TomcatTracer.url(TomcatTracer.java:30)
	at io.opentelemetry.javaagent.shaded.instrumentation.api.tracer.HttpServerTracer.setUrl(HttpServerTracer.java:199)
	at io.opentelemetry.javaagent.shaded.instrumentation.api.tracer.HttpServerTracer.onRequest(HttpServerTracer.java:182)
	at io.opentelemetry.javaagent.shaded.instrumentation.api.tracer.HttpServerTracer.startSpan(HttpServerTracer.java:91)
	at io.opentelemetry.javaagent.shaded.instrumentation.api.tracer.HttpServerTracer.startSpan(HttpServerTracer.java:58)
	at io.opentelemetry.javaagent.instrumentation.tomcat.common.TomcatTracer.startServerSpan(TomcatTracer.java:37)
	at org.apache.catalina.connector.CoyoteAdapter.service(CoyoteAdapter.java:303)
	at org.apache.coyote.http11.Http11Processor.service(Http11Processor.java:408)
	at org.apache.coyote.AbstractProcessorLight.process(AbstractProcessorLight.java:66)
	at org.apache.coyote.AbstractProtocol$ConnectionHandler.process(AbstractProtocol.java:791)
	at org.apache.tomcat.util.net.NioEndpoint$SocketProcessor.doRun(NioEndpoint.java:1417)
	at org.apache.tomcat.util.net.SocketProcessorBase.run(SocketProcessorBase.java:49)
	at java.base/java.util.concurrent.ThreadPoolExecutor.runWorker(ThreadPoolExecutor.java:1130)
	at java.base/java.util.concurrent.ThreadPoolExecutor$Worker.run(ThreadPoolExecutor.java:630)
	at org.apache.tomcat.util.threads.TaskThread$WrappingRunnable.run(TaskThread.java:61)
	at java.base/java.lang.Thread.run(Thread.java:831)
2021-07-17 01:26:06.073Z WARN  i.o.j.i.tomcat.common.TomcatTracer - Malformed url? scheme: http, host: null, port: 8083, path: null, query: null
java.net.URISyntaxException: Expected scheme-specific part at index 5: http:
	at java.base/java.net.URI$Parser.fail(URI.java:2966)
	at java.base/java.net.URI$Parser.failExpecting(URI.java:2972)
	at java.base/java.net.URI$Parser.parse(URI.java:3172)
	at java.base/java.net.URI.<init>(URI.java:708)
	at io.opentelemetry.javaagent.instrumentation.tomcat.common.TomcatTracer.url(TomcatTracer.java:84)
	at io.opentelemetry.javaagent.instrumentation.tomcat.common.TomcatTracer.url(TomcatTracer.java:30)
	at io.opentelemetry.javaagent.shaded.instrumentation.api.tracer.HttpServerTracer.setUrl(HttpServerTracer.java:199)
	at io.opentelemetry.javaagent.shaded.instrumentation.api.tracer.HttpServerTracer.onRequest(HttpServerTracer.java:182)
	at io.opentelemetry.javaagent.shaded.instrumentation.api.tracer.HttpServerTracer.startSpan(HttpServerTracer.java:91)
	at io.opentelemetry.javaagent.shaded.instrumentation.api.tracer.HttpServerTracer.startSpan(HttpServerTracer.java:58)
	at io.opentelemetry.javaagent.instrumentation.tomcat.common.TomcatTracer.startServerSpan(TomcatTracer.java:37)
	at org.apache.catalina.connector.CoyoteAdapter.service(CoyoteAdapter.java:303)
	at org.apache.coyote.http11.Http11Processor.service(Http11Processor.java:408)
	at org.apache.coyote.AbstractProcessorLight.process(AbstractProcessorLight.java:66)
	at org.apache.coyote.AbstractProtocol$ConnectionHandler.process(AbstractProtocol.java:791)
	at org.apache.tomcat.util.net.NioEndpoint$SocketProcessor.doRun(NioEndpoint.java:1417)
	at org.apache.tomcat.util.net.SocketProcessorBase.run(SocketProcessorBase.java:49)
	at java.base/java.util.concurrent.ThreadPoolExecutor.runWorker(ThreadPoolExecutor.java:1130)
	at java.base/java.util.concurrent.ThreadPoolExecutor$Worker.run(ThreadPoolExecutor.java:630)
	at org.apache.tomcat.util.threads.TaskThread$WrappingRunnable.run(TaskThread.java:61)
	at java.base/java.lang.Thread.run(Thread.java:831)
2021-07-17 01:26:11.067Z WARN  i.o.j.i.tomcat.common.TomcatTracer - Malformed url? scheme: http, host: null, port: 8083, path: null, query: null
java.net.URISyntaxException: Expected scheme-specific part at index 5: http:
	at java.base/java.net.URI$Parser.fail(URI.java:2966)
	at java.base/java.net.URI$Parser.failExpecting(URI.java:2972)
	at java.base/java.net.URI$Parser.parse(URI.java:3172)
	at java.base/java.net.URI.<init>(URI.java:708)
	at io.opentelemetry.javaagent.instrumentation.tomcat.common.TomcatTracer.url(TomcatTracer.java:84)
	at io.opentelemetry.javaagent.instrumentation.tomcat.common.TomcatTracer.url(TomcatTracer.java:30)
	at io.opentelemetry.javaagent.shaded.instrumentation.api.tracer.HttpServerTracer.setUrl(HttpServerTracer.java:199)
	at io.opentelemetry.javaagent.shaded.instrumentation.api.tracer.HttpServerTracer.onRequest(HttpServerTracer.java:182)
	at io.opentelemetry.javaagent.shaded.instrumentation.api.tracer.HttpServerTracer.startSpan(HttpServerTracer.java:91)
	at io.opentelemetry.javaagent.shaded.instrumentation.api.tracer.HttpServerTracer.startSpan(HttpServerTracer.java:58)
	at io.opentelemetry.javaagent.instrumentation.tomcat.common.TomcatTracer.startServerSpan(TomcatTracer.java:37)
	at org.apache.catalina.connector.CoyoteAdapter.service(CoyoteAdapter.java:303)
	at org.apache.coyote.http11.Http11Processor.service(Http11Processor.java:408)
	at org.apache.coyote.AbstractProcessorLight.process(AbstractProcessorLight.java:66)
	at org.apache.coyote.AbstractProtocol$ConnectionHandler.process(AbstractProtocol.java:791)
	at org.apache.tomcat.util.net.NioEndpoint$SocketProcessor.doRun(NioEndpoint.java:1417)
	at org.apache.tomcat.util.net.SocketProcessorBase.run(SocketProcessorBase.java:49)
	at java.base/java.util.concurrent.ThreadPoolExecutor.runWorker(ThreadPoolExecutor.java:1130)
	at java.base/java.util.concurrent.ThreadPoolExecutor$Worker.run(ThreadPoolExecutor.java:630)
	at org.apache.tomcat.util.threads.TaskThread$WrappingRunnable.run(TaskThread.java:61)
	at java.base/java.lang.Thread.run(Thread.java:831)
2021-07-17 14:12:14.835Z WARN  i.o.j.i.tomcat.common.TomcatTracer - Malformed url? scheme: http, host: null, port: 8083, path: null, query: null
java.net.URISyntaxException: Expected scheme-specific part at index 5: http:
	at java.base/java.net.URI$Parser.fail(URI.java:2966)
	at java.base/java.net.URI$Parser.failExpecting(URI.java:2972)
	at java.base/java.net.URI$Parser.parse(URI.java:3172)
	at java.base/java.net.URI.<init>(URI.java:708)
	at io.opentelemetry.javaagent.instrumentation.tomcat.common.TomcatTracer.url(TomcatTracer.java:84)
	at io.opentelemetry.javaagent.instrumentation.tomcat.common.TomcatTracer.url(TomcatTracer.java:30)
	at io.opentelemetry.javaagent.shaded.instrumentation.api.tracer.HttpServerTracer.setUrl(HttpServerTracer.java:199)
	at io.opentelemetry.javaagent.shaded.instrumentation.api.tracer.HttpServerTracer.onRequest(HttpServerTracer.java:182)
	at io.opentelemetry.javaagent.shaded.instrumentation.api.tracer.HttpServerTracer.startSpan(HttpServerTracer.java:91)
	at io.opentelemetry.javaagent.shaded.instrumentation.api.tracer.HttpServerTracer.startSpan(HttpServerTracer.java:58)
	at io.opentelemetry.javaagent.instrumentation.tomcat.common.TomcatTracer.startServerSpan(TomcatTracer.java:37)
	at org.apache.catalina.connector.CoyoteAdapter.service(CoyoteAdapter.java:303)
	at org.apache.coyote.http11.Http11Processor.service(Http11Processor.java:408)
	at org.apache.coyote.AbstractProcessorLight.process(AbstractProcessorLight.java:66)
	at org.apache.coyote.AbstractProtocol$ConnectionHandler.process(AbstractProtocol.java:791)
	at org.apache.tomcat.util.net.NioEndpoint$SocketProcessor.doRun(NioEndpoint.java:1417)
	at org.apache.tomcat.util.net.SocketProcessorBase.run(SocketProcessorBase.java:49)
	at java.base/java.util.concurrent.ThreadPoolExecutor.runWorker(ThreadPoolExecutor.java:1130)
	at java.base/java.util.concurrent.ThreadPoolExecutor$Worker.run(ThreadPoolExecutor.java:630)
	at org.apache.tomcat.util.threads.TaskThread$WrappingRunnable.run(TaskThread.java:61)
	at java.base/java.lang.Thread.run(Thread.java:831)
2021-07-17 17:52:58.535Z WARN  i.o.j.i.tomcat.common.TomcatTracer - Malformed url? scheme: http, host: null, port: 8083, path: null, query: null
java.net.URISyntaxException: Expected scheme-specific part at index 5: http:
	at java.base/java.net.URI$Parser.fail(URI.java:2966)
	at java.base/java.net.URI$Parser.failExpecting(URI.java:2972)
	at java.base/java.net.URI$Parser.parse(URI.java:3172)
	at java.base/java.net.URI.<init>(URI.java:708)
	at io.opentelemetry.javaagent.instrumentation.tomcat.common.TomcatTracer.url(TomcatTracer.java:84)
	at io.opentelemetry.javaagent.instrumentation.tomcat.common.TomcatTracer.url(TomcatTracer.java:30)
	at io.opentelemetry.javaagent.shaded.instrumentation.api.tracer.HttpServerTracer.setUrl(HttpServerTracer.java:199)
	at io.opentelemetry.javaagent.shaded.instrumentation.api.tracer.HttpServerTracer.onRequest(HttpServerTracer.java:182)
	at io.opentelemetry.javaagent.shaded.instrumentation.api.tracer.HttpServerTracer.startSpan(HttpServerTracer.java:91)
	at io.opentelemetry.javaagent.shaded.instrumentation.api.tracer.HttpServerTracer.startSpan(HttpServerTracer.java:58)
	at io.opentelemetry.javaagent.instrumentation.tomcat.common.TomcatTracer.startServerSpan(TomcatTracer.java:37)
	at org.apache.catalina.connector.CoyoteAdapter.service(CoyoteAdapter.java:303)
	at org.apache.coyote.http11.Http11Processor.service(Http11Processor.java:408)
	at org.apache.coyote.AbstractProcessorLight.process(AbstractProcessorLight.java:66)
	at org.apache.coyote.AbstractProtocol$ConnectionHandler.process(AbstractProtocol.java:791)
	at org.apache.tomcat.util.net.NioEndpoint$SocketProcessor.doRun(NioEndpoint.java:1417)
	at org.apache.tomcat.util.net.SocketProcessorBase.run(SocketProcessorBase.java:49)
	at java.base/java.util.concurrent.ThreadPoolExecutor.runWorker(ThreadPoolExecutor.java:1130)
	at java.base/java.util.concurrent.ThreadPoolExecutor$Worker.run(ThreadPoolExecutor.java:630)
	at org.apache.tomcat.util.threads.TaskThread$WrappingRunnable.run(TaskThread.java:61)
	at java.base/java.lang.Thread.run(Thread.java:831)
2021-07-17 19:38:13.229Z WARN  i.o.j.i.tomcat.common.TomcatTracer - Malformed url? scheme: http, host: ip.bablosoft.com, port: 80, path: 142.93.142.17:80, query: null
java.net.URISyntaxException: Relative path in absolute URI: http://ip.bablosoft.com:80142.93.142.17:80
	at java.base/java.net.URI.checkPath(URI.java:1990)
	at java.base/java.net.URI.<init>(URI.java:707)
	at io.opentelemetry.javaagent.instrumentation.tomcat.common.TomcatTracer.url(TomcatTracer.java:84)
	at io.opentelemetry.javaagent.instrumentation.tomcat.common.TomcatTracer.url(TomcatTracer.java:30)
	at io.opentelemetry.javaagent.shaded.instrumentation.api.tracer.HttpServerTracer.setUrl(HttpServerTracer.java:199)
	at io.opentelemetry.javaagent.shaded.instrumentation.api.tracer.HttpServerTracer.onRequest(HttpServerTracer.java:182)
	at io.opentelemetry.javaagent.shaded.instrumentation.api.tracer.HttpServerTracer.startSpan(HttpServerTracer.java:91)
	at io.opentelemetry.javaagent.shaded.instrumentation.api.tracer.HttpServerTracer.startSpan(HttpServerTracer.java:58)
	at io.opentelemetry.javaagent.instrumentation.tomcat.common.TomcatTracer.startServerSpan(TomcatTracer.java:37)
	at org.apache.catalina.connector.CoyoteAdapter.service(CoyoteAdapter.java:303)
	at org.apache.coyote.http11.Http11Processor.service(Http11Processor.java:408)
	at org.apache.coyote.AbstractProcessorLight.process(AbstractProcessorLight.java:66)
	at org.apache.coyote.AbstractProtocol$ConnectionHandler.process(AbstractProtocol.java:791)
	at org.apache.tomcat.util.net.NioEndpoint$SocketProcessor.doRun(NioEndpoint.java:1417)
	at org.apache.tomcat.util.net.SocketProcessorBase.run(SocketProcessorBase.java:49)
	at java.base/java.util.concurrent.ThreadPoolExecutor.runWorker(ThreadPoolExecutor.java:1130)
	at java.base/java.util.concurrent.ThreadPoolExecutor$Worker.run(ThreadPoolExecutor.java:630)
	at org.apache.tomcat.util.threads.TaskThread$WrappingRunnable.run(TaskThread.java:61)
	at java.base/java.lang.Thread.run(Thread.java:831)
2021-07-17 19:38:17.972Z WARN  i.o.j.i.tomcat.common.TomcatTracer - Malformed url? scheme: http, host: null, port: 8083, path: null, query: null
java.net.URISyntaxException: Expected scheme-specific part at index 5: http:
	at java.base/java.net.URI$Parser.fail(URI.java:2966)
	at java.base/java.net.URI$Parser.failExpecting(URI.java:2972)
	at java.base/java.net.URI$Parser.parse(URI.java:3172)
	at java.base/java.net.URI.<init>(URI.java:708)
	at io.opentelemetry.javaagent.instrumentation.tomcat.common.TomcatTracer.url(TomcatTracer.java:84)
	at io.opentelemetry.javaagent.instrumentation.tomcat.common.TomcatTracer.url(TomcatTracer.java:30)
	at io.opentelemetry.javaagent.shaded.instrumentation.api.tracer.HttpServerTracer.setUrl(HttpServerTracer.java:199)
	at io.opentelemetry.javaagent.shaded.instrumentation.api.tracer.HttpServerTracer.onRequest(HttpServerTracer.java:182)
	at io.opentelemetry.javaagent.shaded.instrumentation.api.tracer.HttpServerTracer.startSpan(HttpServerTracer.java:91)
	at io.opentelemetry.javaagent.shaded.instrumentation.api.tracer.HttpServerTracer.startSpan(HttpServerTracer.java:58)
	at io.opentelemetry.javaagent.instrumentation.tomcat.common.TomcatTracer.startServerSpan(TomcatTracer.java:37)
	at org.apache.catalina.connector.CoyoteAdapter.service(CoyoteAdapter.java:303)
	at org.apache.coyote.http11.Http11Processor.service(Http11Processor.java:408)
	at org.apache.coyote.AbstractProcessorLight.process(AbstractProcessorLight.java:66)
	at org.apache.coyote.AbstractProtocol$ConnectionHandler.process(AbstractProtocol.java:791)
	at org.apache.tomcat.util.net.NioEndpoint$SocketProcessor.doRun(NioEndpoint.java:1417)
	at org.apache.tomcat.util.net.SocketProcessorBase.run(SocketProcessorBase.java:49)
	at java.base/java.util.concurrent.ThreadPoolExecutor.runWorker(ThreadPoolExecutor.java:1130)
	at java.base/java.util.concurrent.ThreadPoolExecutor$Worker.run(ThreadPoolExecutor.java:630)
	at org.apache.tomcat.util.threads.TaskThread$WrappingRunnable.run(TaskThread.java:61)
	at java.base/java.lang.Thread.run(Thread.java:831)
2021-07-17 19:38:28.614Z WARN  i.o.j.i.tomcat.common.TomcatTracer - Malformed url? scheme: http, host: null, port: 8083, path: null, query: null
java.net.URISyntaxException: Expected scheme-specific part at index 5: http:
	at java.base/java.net.URI$Parser.fail(URI.java:2966)
	at java.base/java.net.URI$Parser.failExpecting(URI.java:2972)
	at java.base/java.net.URI$Parser.parse(URI.java:3172)
	at java.base/java.net.URI.<init>(URI.java:708)
	at io.opentelemetry.javaagent.instrumentation.tomcat.common.TomcatTracer.url(TomcatTracer.java:84)
	at io.opentelemetry.javaagent.instrumentation.tomcat.common.TomcatTracer.url(TomcatTracer.java:30)
	at io.opentelemetry.javaagent.shaded.instrumentation.api.tracer.HttpServerTracer.setUrl(HttpServerTracer.java:199)
	at io.opentelemetry.javaagent.shaded.instrumentation.api.tracer.HttpServerTracer.onRequest(HttpServerTracer.java:182)
	at io.opentelemetry.javaagent.shaded.instrumentation.api.tracer.HttpServerTracer.startSpan(HttpServerTracer.java:91)
	at io.opentelemetry.javaagent.shaded.instrumentation.api.tracer.HttpServerTracer.startSpan(HttpServerTracer.java:58)
	at io.opentelemetry.javaagent.instrumentation.tomcat.common.TomcatTracer.startServerSpan(TomcatTracer.java:37)
	at org.apache.catalina.connector.CoyoteAdapter.service(CoyoteAdapter.java:303)
	at org.apache.coyote.http11.Http11Processor.service(Http11Processor.java:408)
	at org.apache.coyote.AbstractProcessorLight.process(AbstractProcessorLight.java:66)
	at org.apache.coyote.AbstractProtocol$ConnectionHandler.process(AbstractProtocol.java:791)
	at org.apache.tomcat.util.net.NioEndpoint$SocketProcessor.doRun(NioEndpoint.java:1417)
	at org.apache.tomcat.util.net.SocketProcessorBase.run(SocketProcessorBase.java:49)
	at java.base/java.util.concurrent.ThreadPoolExecutor.runWorker(ThreadPoolExecutor.java:1130)
	at java.base/java.util.concurrent.ThreadPoolExecutor$Worker.run(ThreadPoolExecutor.java:630)
	at org.apache.tomcat.util.threads.TaskThread$WrappingRunnable.run(TaskThread.java:61)
	at java.base/java.lang.Thread.run(Thread.java:831)
2021-07-17 23:02:18.753Z WARN  i.o.j.i.tomcat.common.TomcatTracer - Malformed url? scheme: http, host: null, port: 8083, path: null, query: null
java.net.URISyntaxException: Expected scheme-specific part at index 5: http:
	at java.base/java.net.URI$Parser.fail(URI.java:2966)
	at java.base/java.net.URI$Parser.failExpecting(URI.java:2972)
	at java.base/java.net.URI$Parser.parse(URI.java:3172)
	at java.base/java.net.URI.<init>(URI.java:708)
	at io.opentelemetry.javaagent.instrumentation.tomcat.common.TomcatTracer.url(TomcatTracer.java:84)
	at io.opentelemetry.javaagent.instrumentation.tomcat.common.TomcatTracer.url(TomcatTracer.java:30)
	at io.opentelemetry.javaagent.shaded.instrumentation.api.tracer.HttpServerTracer.setUrl(HttpServerTracer.java:199)
	at io.opentelemetry.javaagent.shaded.instrumentation.api.tracer.HttpServerTracer.onRequest(HttpServerTracer.java:182)
	at io.opentelemetry.javaagent.shaded.instrumentation.api.tracer.HttpServerTracer.startSpan(HttpServerTracer.java:91)
	at io.opentelemetry.javaagent.shaded.instrumentation.api.tracer.HttpServerTracer.startSpan(HttpServerTracer.java:58)
	at io.opentelemetry.javaagent.instrumentation.tomcat.common.TomcatTracer.startServerSpan(TomcatTracer.java:37)
	at org.apache.catalina.connector.CoyoteAdapter.service(CoyoteAdapter.java:303)
	at org.apache.coyote.http11.Http11Processor.service(Http11Processor.java:408)
	at org.apache.coyote.AbstractProcessorLight.process(AbstractProcessorLight.java:66)
	at org.apache.coyote.AbstractProtocol$ConnectionHandler.process(AbstractProtocol.java:791)
	at org.apache.tomcat.util.net.NioEndpoint$SocketProcessor.doRun(NioEndpoint.java:1417)
	at org.apache.tomcat.util.net.SocketProcessorBase.run(SocketProcessorBase.java:49)
	at java.base/java.util.concurrent.ThreadPoolExecutor.runWorker(ThreadPoolExecutor.java:1130)
	at java.base/java.util.concurrent.ThreadPoolExecutor$Worker.run(ThreadPoolExecutor.java:630)
	at org.apache.tomcat.util.threads.TaskThread$WrappingRunnable.run(TaskThread.java:61)
	at java.base/java.lang.Thread.run(Thread.java:831)
2021-07-18 09:07:52.499Z WARN  i.o.j.i.tomcat.common.TomcatTracer - Malformed url? scheme: http, host: null, port: 8083, path: null, query: null
java.net.URISyntaxException: Expected scheme-specific part at index 5: http:
	at java.base/java.net.URI$Parser.fail(URI.java:2966)
	at java.base/java.net.URI$Parser.failExpecting(URI.java:2972)
	at java.base/java.net.URI$Parser.parse(URI.java:3172)
	at java.base/java.net.URI.<init>(URI.java:708)
	at io.opentelemetry.javaagent.instrumentation.tomcat.common.TomcatTracer.url(TomcatTracer.java:84)
	at io.opentelemetry.javaagent.instrumentation.tomcat.common.TomcatTracer.url(TomcatTracer.java:30)
	at io.opentelemetry.javaagent.shaded.instrumentation.api.tracer.HttpServerTracer.setUrl(HttpServerTracer.java:199)
	at io.opentelemetry.javaagent.shaded.instrumentation.api.tracer.HttpServerTracer.onRequest(HttpServerTracer.java:182)
	at io.opentelemetry.javaagent.shaded.instrumentation.api.tracer.HttpServerTracer.startSpan(HttpServerTracer.java:91)
	at io.opentelemetry.javaagent.shaded.instrumentation.api.tracer.HttpServerTracer.startSpan(HttpServerTracer.java:58)
	at io.opentelemetry.javaagent.instrumentation.tomcat.common.TomcatTracer.startServerSpan(TomcatTracer.java:37)
	at org.apache.catalina.connector.CoyoteAdapter.service(CoyoteAdapter.java:303)
	at org.apache.coyote.http11.Http11Processor.service(Http11Processor.java:408)
	at org.apache.coyote.AbstractProcessorLight.process(AbstractProcessorLight.java:66)
	at org.apache.coyote.AbstractProtocol$ConnectionHandler.process(AbstractProtocol.java:791)
	at org.apache.tomcat.util.net.NioEndpoint$SocketProcessor.doRun(NioEndpoint.java:1417)
	at org.apache.tomcat.util.net.SocketProcessorBase.run(SocketProcessorBase.java:49)
	at java.base/java.util.concurrent.ThreadPoolExecutor.runWorker(ThreadPoolExecutor.java:1130)
	at java.base/java.util.concurrent.ThreadPoolExecutor$Worker.run(ThreadPoolExecutor.java:630)
	at org.apache.tomcat.util.threads.TaskThread$WrappingRunnable.run(TaskThread.java:61)
	at java.base/java.lang.Thread.run(Thread.java:831)
2021-07-18 13:28:25.133Z WARN  i.o.j.i.tomcat.common.TomcatTracer - Malformed url? scheme: http, host: null, port: 8083, path: null, query: null
java.net.URISyntaxException: Expected scheme-specific part at index 5: http:
	at java.base/java.net.URI$Parser.fail(URI.java:2966)
	at java.base/java.net.URI$Parser.failExpecting(URI.java:2972)
	at java.base/java.net.URI$Parser.parse(URI.java:3172)
	at java.base/java.net.URI.<init>(URI.java:708)
	at io.opentelemetry.javaagent.instrumentation.tomcat.common.TomcatTracer.url(TomcatTracer.java:84)
	at io.opentelemetry.javaagent.instrumentation.tomcat.common.TomcatTracer.url(TomcatTracer.java:30)
	at io.opentelemetry.javaagent.shaded.instrumentation.api.tracer.HttpServerTracer.setUrl(HttpServerTracer.java:199)
	at io.opentelemetry.javaagent.shaded.instrumentation.api.tracer.HttpServerTracer.onRequest(HttpServerTracer.java:182)
	at io.opentelemetry.javaagent.shaded.instrumentation.api.tracer.HttpServerTracer.startSpan(HttpServerTracer.java:91)
	at io.opentelemetry.javaagent.shaded.instrumentation.api.tracer.HttpServerTracer.startSpan(HttpServerTracer.java:58)
	at io.opentelemetry.javaagent.instrumentation.tomcat.common.TomcatTracer.startServerSpan(TomcatTracer.java:37)
	at org.apache.catalina.connector.CoyoteAdapter.service(CoyoteAdapter.java:303)
	at org.apache.coyote.http11.Http11Processor.service(Http11Processor.java:408)
	at org.apache.coyote.AbstractProcessorLight.process(AbstractProcessorLight.java:66)
	at org.apache.coyote.AbstractProtocol$ConnectionHandler.process(AbstractProtocol.java:791)
	at org.apache.tomcat.util.net.NioEndpoint$SocketProcessor.doRun(NioEndpoint.java:1417)
	at org.apache.tomcat.util.net.SocketProcessorBase.run(SocketProcessorBase.java:49)
	at java.base/java.util.concurrent.ThreadPoolExecutor.runWorker(ThreadPoolExecutor.java:1130)
	at java.base/java.util.concurrent.ThreadPoolExecutor$Worker.run(ThreadPoolExecutor.java:630)
	at org.apache.tomcat.util.threads.TaskThread$WrappingRunnable.run(TaskThread.java:61)
	at java.base/java.lang.Thread.run(Thread.java:831)
